<?xml version="1.0" encoding="UTF-8"?>
<testng-results ignored="0" total="1" passed="1" failed="0" skipped="0">
  <reporter-output>
  </reporter-output>
  <suite started-at="2021-04-06T21:44:55 CDT" name="Default suite" finished-at="2021-04-06T21:45:12 CDT" duration-ms="17178">
    <groups>
    </groups>
    <test started-at="2021-04-06T21:44:55 CDT" name="Default test" finished-at="2021-04-06T21:45:12 CDT" duration-ms="17178">
      <class name="Commscope">
        <test-method is-config="true" signature="beforeTest()[pri:0, instance:Commscope@2f54a33d]" started-at="2021-04-06T21:44:55 CDT" name="beforeTest" finished-at="2021-04-06T21:44:55 CDT" duration-ms="6" status="PASS">
          <reporter-output>
          </reporter-output>
        </test-method> <!-- beforeTest -->
        <test-method signature="performSearch()[pri:0, instance:Commscope@2f54a33d]" started-at="2021-04-06T21:44:55 CDT" name="performSearch" finished-at="2021-04-06T21:45:12 CDT" duration-ms="17142" status="PASS">
          <reporter-output>
          </reporter-output>
        </test-method> <!-- performSearch -->
        <test-method is-config="true" signature="closeDriver()[pri:0, instance:Commscope@2f54a33d]" started-at="2021-04-06T21:45:12 CDT" name="closeDriver" finished-at="2021-04-06T21:45:12 CDT" duration-ms="0" status="PASS">
          <reporter-output>
          </reporter-output>
        </test-method> <!-- closeDriver -->
      </class> <!-- Commscope -->
    </test> <!-- Default test -->
  </suite> <!-- Default suite -->
</testng-results>
